Time resolution is 1 ps
Starting ASG_Core Testbench
At 0.000ns: state=0 term_out=0x0000 (0.00)
At 305.000ns: state=1 term_out=0x0000 (0.00)
At 315.000ns: state=1 term_out=0x0100 (1.00)
At 325.000ns: state=1 term_out=0x0180 (1.50)
At 335.000ns: state=1 term_out=0x0200 (2.00)
At 345.000ns: state=2 term_out=0x0280 (2.50)
At 355.000ns: state=0 term_out=0x0280 (2.50)
Test: a1=1.00, d=0.50, n=4
Last term: 2.5000 (Expected: 2.5000)
PASS
------------------
At 705.000ns: state=1 term_out=0x0280 (2.50)
At 715.000ns: state=1 term_out=0x0080 (0.50)
At 725.000ns: state=1 term_out=0x00c0 (0.75)
At 735.000ns: state=1 term_out=0x0100 (1.00)
At 745.000ns: state=2 term_out=0x0140 (1.25)
At 755.000ns: state=0 term_out=0x0140 (1.25)
Test: a1=0.50, d=0.25, n=4
Last term: 1.2500 (Expected: 1.2500)
PASS
------------------
At 1105.000ns: state=1 term_out=0x0140 (1.25)
At 1115.000ns: state=1 term_out=0x0400 (4.00)
At 1125.000ns: state=1 term_out=0x0300 (3.00)
At 1135.000ns: state=1 term_out=0x0200 (2.00)
At 1145.000ns: state=2 term_out=0x0100 (1.00)
At 1155.000ns: state=0 term_out=0x0100 (1.00)
Test: a1=4.00, d=-1.00, n=4
Last term: 1.0000 (Expected: 1.0000)
PASS
------------------
At 1505.000ns: state=1 term_out=0x0100 (1.00)
At 1515.000ns: state=1 term_out=0x6400 (100.00)
At 1525.000ns: state=1 term_out=0x6e00 (110.00)
At 1535.000ns: state=2 term_out=0x7800 (120.00)
At 1545.000ns: state=0 term_out=0x7800 (120.00)
Test: a1=100.00, d=10.00, n=3
Last term: 120.0000 (Expected: 120.0000)
PASS
------------------
At 1895.000ns: state=1 term_out=0x7800 (120.00)
At 1905.000ns: state=2 term_out=0x0280 (2.50)
At 1915.000ns: state=0 term_out=0x0280 (2.50)
Test: a1=2.50, d=0.16, n=1
Last term: 2.5000 (Expected: 2.5000)
PASS
------------------
At 2265.000ns: state=1 term_out=0x0280 (2.50)
At 2275.000ns: state=1 term_out=0x0100 (1.00)
At 2285.000ns: state=1 term_out=0x0101 (1.00)
At 2295.000ns: state=1 term_out=0x0102 (1.01)
At 2305.000ns: state=2 term_out=0x0103 (1.01)
At 2315.000ns: state=0 term_out=0x0103 (1.01)
Test: a1=1.00, d=0.00, n=4
Last term: 1.0117 (Expected: 1.0117)
PASS
------------------
At 2665.000ns: state=1 term_out=0x0103 (1.01)
At 2675.000ns: state=1 term_out=0xfd00 (-3.00)
At 2685.000ns: state=1 term_out=0xfe80 (-1.50)
At 2695.000ns: state=1 term_out=0x0000 (0.00)
At 2705.000ns: state=2 term_out=0x0180 (1.50)
At 2715.000ns: state=0 term_out=0x0180 (1.50)
Test: a1=-3.00, d=1.50, n=4
Last term: 1.5000 (Expected: 1.5000)
PASS
------------------
At 3065.000ns: state=1 term_out=0x0180 (1.50)
At 3075.000ns: state=1 term_out=0x0000 (0.00)
At 3085.000ns: state=1 term_out=0x0001 (0.00)
At 3095.000ns: state=1 term_out=0x0002 (0.01)
At 3105.000ns: state=1 term_out=0x0003 (0.01)
At 3115.000ns: state=1 term_out=0x0004 (0.02)
At 3125.000ns: state=1 term_out=0x0005 (0.02)
At 3135.000ns: state=1 term_out=0x0006 (0.02)
At 3145.000ns: state=1 term_out=0x0007 (0.03)
At 3155.000ns: state=1 term_out=0x0008 (0.03)
At 3165.000ns: state=1 term_out=0x0009 (0.04)
At 3175.000ns: state=1 term_out=0x000a (0.04)
At 3185.000ns: state=1 term_out=0x000b (0.04)
At 3195.000ns: state=1 term_out=0x000c (0.05)
At 3205.000ns: state=1 term_out=0x000d (0.05)
At 3215.000ns: state=1 term_out=0x000e (0.05)
At 3225.000ns: state=1 term_out=0x000f (0.06)
At 3235.000ns: state=1 term_out=0x0010 (0.06)
At 3245.000ns: state=1 term_out=0x0011 (0.07)
At 3255.000ns: state=1 term_out=0x0012 (0.07)
At 3265.000ns: state=1 term_out=0x0013 (0.07)
At 3275.000ns: state=1 term_out=0x0014 (0.08)
At 3285.000ns: state=1 term_out=0x0015 (0.08)
At 3295.000ns: state=1 term_out=0x0016 (0.09)
At 3305.000ns: state=1 term_out=0x0017 (0.09)
At 3315.000ns: state=1 term_out=0x0018 (0.09)
At 3325.000ns: state=1 term_out=0x0019 (0.10)
At 3335.000ns: state=1 term_out=0x001a (0.10)
At 3345.000ns: state=1 term_out=0x001b (0.11)
At 3355.000ns: state=1 term_out=0x001c (0.11)
At 3365.000ns: state=1 term_out=0x001d (0.11)
At 3375.000ns: state=1 term_out=0x001e (0.12)
At 3385.000ns: state=1 term_out=0x001f (0.12)
At 3395.000ns: state=1 term_out=0x0020 (0.12)
At 3405.000ns: state=1 term_out=0x0021 (0.13)
At 3415.000ns: state=1 term_out=0x0022 (0.13)
At 3425.000ns: state=1 term_out=0x0023 (0.14)
At 3435.000ns: state=1 term_out=0x0024 (0.14)
At 3445.000ns: state=1 term_out=0x0025 (0.14)
At 3455.000ns: state=1 term_out=0x0026 (0.15)
At 3465.000ns: state=1 term_out=0x0027 (0.15)
At 3475.000ns: state=1 term_out=0x0028 (0.16)
At 3485.000ns: state=1 term_out=0x0029 (0.16)
At 3495.000ns: state=1 term_out=0x002a (0.16)
At 3505.000ns: state=1 term_out=0x002b (0.17)
At 3515.000ns: state=1 term_out=0x002c (0.17)
At 3525.000ns: state=1 term_out=0x002d (0.18)
At 3535.000ns: state=1 term_out=0x002e (0.18)
At 3545.000ns: state=1 term_out=0x002f (0.18)
At 3555.000ns: state=1 term_out=0x0030 (0.19)
At 3565.000ns: state=1 term_out=0x0031 (0.19)
At 3575.000ns: state=1 term_out=0x0032 (0.20)
At 3585.000ns: state=1 term_out=0x0033 (0.20)
At 3595.000ns: state=1 term_out=0x0034 (0.20)
At 3605.000ns: state=1 term_out=0x0035 (0.21)
At 3615.000ns: state=1 term_out=0x0036 (0.21)
At 3625.000ns: state=1 term_out=0x0037 (0.21)
At 3635.000ns: state=1 term_out=0x0038 (0.22)
At 3645.000ns: state=1 term_out=0x0039 (0.22)
At 3655.000ns: state=1 term_out=0x003a (0.23)
At 3665.000ns: state=1 term_out=0x003b (0.23)
At 3675.000ns: state=1 term_out=0x003c (0.23)
At 3685.000ns: state=1 term_out=0x003d (0.24)
At 3695.000ns: state=1 term_out=0x003e (0.24)
At 3705.000ns: state=1 term_out=0x003f (0.25)
At 3715.000ns: state=1 term_out=0x0040 (0.25)
At 3725.000ns: state=1 term_out=0x0041 (0.25)
At 3735.000ns: state=1 term_out=0x0042 (0.26)
At 3745.000ns: state=1 term_out=0x0043 (0.26)
At 3755.000ns: state=1 term_out=0x0044 (0.27)
At 3765.000ns: state=1 term_out=0x0045 (0.27)
At 3775.000ns: state=1 term_out=0x0046 (0.27)
At 3785.000ns: state=1 term_out=0x0047 (0.28)
At 3795.000ns: state=1 term_out=0x0048 (0.28)
At 3805.000ns: state=1 term_out=0x0049 (0.29)
At 3815.000ns: state=1 term_out=0x004a (0.29)
At 3825.000ns: state=1 term_out=0x004b (0.29)
At 3835.000ns: state=1 term_out=0x004c (0.30)
At 3845.000ns: state=1 term_out=0x004d (0.30)
At 3855.000ns: state=1 term_out=0x004e (0.30)
At 3865.000ns: state=1 term_out=0x004f (0.31)
At 3875.000ns: state=1 term_out=0x0050 (0.31)
At 3885.000ns: state=1 term_out=0x0051 (0.32)
At 3895.000ns: state=1 term_out=0x0052 (0.32)
At 3905.000ns: state=1 term_out=0x0053 (0.32)
At 3915.000ns: state=1 term_out=0x0054 (0.33)
At 3925.000ns: state=1 term_out=0x0055 (0.33)
At 3935.000ns: state=1 term_out=0x0056 (0.34)
At 3945.000ns: state=1 term_out=0x0057 (0.34)
At 3955.000ns: state=1 term_out=0x0058 (0.34)
At 3965.000ns: state=1 term_out=0x0059 (0.35)
At 3975.000ns: state=1 term_out=0x005a (0.35)
At 3985.000ns: state=1 term_out=0x005b (0.36)
At 3995.000ns: state=1 term_out=0x005c (0.36)
At 4005.000ns: state=1 term_out=0x005d (0.36)
At 4015.000ns: state=1 term_out=0x005e (0.37)
At 4025.000ns: state=1 term_out=0x005f (0.37)
At 4035.000ns: state=1 term_out=0x0060 (0.38)
At 4045.000ns: state=1 term_out=0x0061 (0.38)
At 4055.000ns: state=1 term_out=0x0062 (0.38)
At 4065.000ns: state=1 term_out=0x0063 (0.39)
At 4075.000ns: state=1 term_out=0x0064 (0.39)
At 4085.000ns: state=1 term_out=0x0065 (0.39)
At 4095.000ns: state=1 term_out=0x0066 (0.40)
At 4105.000ns: state=1 term_out=0x0067 (0.40)
At 4115.000ns: state=1 term_out=0x0068 (0.41)
At 4125.000ns: state=1 term_out=0x0069 (0.41)
At 4135.000ns: state=1 term_out=0x006a (0.41)
At 4145.000ns: state=1 term_out=0x006b (0.42)
At 4155.000ns: state=1 term_out=0x006c (0.42)
At 4165.000ns: state=1 term_out=0x006d (0.43)
At 4175.000ns: state=1 term_out=0x006e (0.43)
At 4185.000ns: state=1 term_out=0x006f (0.43)
At 4195.000ns: state=1 term_out=0x0070 (0.44)
At 4205.000ns: state=1 term_out=0x0071 (0.44)
At 4215.000ns: state=1 term_out=0x0072 (0.45)
At 4225.000ns: state=1 term_out=0x0073 (0.45)
At 4235.000ns: state=1 term_out=0x0074 (0.45)
At 4245.000ns: state=1 term_out=0x0075 (0.46)
At 4255.000ns: state=1 term_out=0x0076 (0.46)
At 4265.000ns: state=1 term_out=0x0077 (0.46)
At 4275.000ns: state=1 term_out=0x0078 (0.47)
At 4285.000ns: state=1 term_out=0x0079 (0.47)
At 4295.000ns: state=1 term_out=0x007a (0.48)
At 4305.000ns: state=1 term_out=0x007b (0.48)
At 4315.000ns: state=1 term_out=0x007c (0.48)
At 4325.000ns: state=1 term_out=0x007d (0.49)
At 4335.000ns: state=1 term_out=0x007e (0.49)
At 4345.000ns: state=1 term_out=0x007f (0.50)
At 4355.000ns: state=1 term_out=0x0080 (0.50)
At 4365.000ns: state=1 term_out=0x0081 (0.50)
At 4375.000ns: state=1 term_out=0x0082 (0.51)
At 4385.000ns: state=1 term_out=0x0083 (0.51)
At 4395.000ns: state=1 term_out=0x0084 (0.52)
At 4405.000ns: state=1 term_out=0x0085 (0.52)
At 4415.000ns: state=1 term_out=0x0086 (0.52)
At 4425.000ns: state=1 term_out=0x0087 (0.53)
At 4435.000ns: state=1 term_out=0x0088 (0.53)
At 4445.000ns: state=1 term_out=0x0089 (0.54)
At 4455.000ns: state=1 term_out=0x008a (0.54)
At 4465.000ns: state=1 term_out=0x008b (0.54)
At 4475.000ns: state=1 term_out=0x008c (0.55)
At 4485.000ns: state=1 term_out=0x008d (0.55)
At 4495.000ns: state=1 term_out=0x008e (0.55)
At 4505.000ns: state=1 term_out=0x008f (0.56)
At 4515.000ns: state=1 term_out=0x0090 (0.56)
At 4525.000ns: state=1 term_out=0x0091 (0.57)
At 4535.000ns: state=1 term_out=0x0092 (0.57)
At 4545.000ns: state=1 term_out=0x0093 (0.57)
At 4555.000ns: state=1 term_out=0x0094 (0.58)
At 4565.000ns: state=1 term_out=0x0095 (0.58)
At 4575.000ns: state=1 term_out=0x0096 (0.59)
At 4585.000ns: state=1 term_out=0x0097 (0.59)
At 4595.000ns: state=1 term_out=0x0098 (0.59)
At 4605.000ns: state=1 term_out=0x0099 (0.60)
At 4615.000ns: state=1 term_out=0x009a (0.60)
At 4625.000ns: state=1 term_out=0x009b (0.61)
At 4635.000ns: state=1 term_out=0x009c (0.61)
At 4645.000ns: state=1 term_out=0x009d (0.61)
At 4655.000ns: state=1 term_out=0x009e (0.62)
At 4665.000ns: state=1 term_out=0x009f (0.62)
At 4675.000ns: state=1 term_out=0x00a0 (0.62)
At 4685.000ns: state=1 term_out=0x00a1 (0.63)
At 4695.000ns: state=1 term_out=0x00a2 (0.63)
At 4705.000ns: state=1 term_out=0x00a3 (0.64)
At 4715.000ns: state=1 term_out=0x00a4 (0.64)
At 4725.000ns: state=1 term_out=0x00a5 (0.64)
At 4735.000ns: state=1 term_out=0x00a6 (0.65)
At 4745.000ns: state=1 term_out=0x00a7 (0.65)
At 4755.000ns: state=1 term_out=0x00a8 (0.66)
At 4765.000ns: state=1 term_out=0x00a9 (0.66)
At 4775.000ns: state=1 term_out=0x00aa (0.66)
At 4785.000ns: state=1 term_out=0x00ab (0.67)
At 4795.000ns: state=1 term_out=0x00ac (0.67)
At 4805.000ns: state=1 term_out=0x00ad (0.68)
At 4815.000ns: state=1 term_out=0x00ae (0.68)
At 4825.000ns: state=1 term_out=0x00af (0.68)
At 4835.000ns: state=1 term_out=0x00b0 (0.69)
At 4845.000ns: state=1 term_out=0x00b1 (0.69)
At 4855.000ns: state=1 term_out=0x00b2 (0.70)
At 4865.000ns: state=1 term_out=0x00b3 (0.70)
At 4875.000ns: state=1 term_out=0x00b4 (0.70)
At 4885.000ns: state=1 term_out=0x00b5 (0.71)
At 4895.000ns: state=1 term_out=0x00b6 (0.71)
At 4905.000ns: state=1 term_out=0x00b7 (0.71)
At 4915.000ns: state=1 term_out=0x00b8 (0.72)
At 4925.000ns: state=1 term_out=0x00b9 (0.72)
At 4935.000ns: state=1 term_out=0x00ba (0.73)
At 4945.000ns: state=1 term_out=0x00bb (0.73)
At 4955.000ns: state=1 term_out=0x00bc (0.73)
At 4965.000ns: state=1 term_out=0x00bd (0.74)
At 4975.000ns: state=1 term_out=0x00be (0.74)
At 4985.000ns: state=1 term_out=0x00bf (0.75)
At 4995.000ns: state=1 term_out=0x00c0 (0.75)
At 5005.000ns: state=1 term_out=0x00c1 (0.75)
At 5015.000ns: state=1 term_out=0x00c2 (0.76)
At 5025.000ns: state=1 term_out=0x00c3 (0.76)
At 5035.000ns: state=1 term_out=0x00c4 (0.77)
At 5045.000ns: state=1 term_out=0x00c5 (0.77)
At 5055.000ns: state=1 term_out=0x00c6 (0.77)
At 5065.000ns: state=1 term_out=0x00c7 (0.78)
At 5075.000ns: state=1 term_out=0x00c8 (0.78)
At 5085.000ns: state=1 term_out=0x00c9 (0.79)
At 5095.000ns: state=1 term_out=0x00ca (0.79)
At 5105.000ns: state=1 term_out=0x00cb (0.79)
At 5115.000ns: state=1 term_out=0x00cc (0.80)
At 5125.000ns: state=1 term_out=0x00cd (0.80)
At 5135.000ns: state=1 term_out=0x00ce (0.80)
At 5145.000ns: state=1 term_out=0x00cf (0.81)
At 5155.000ns: state=1 term_out=0x00d0 (0.81)
At 5165.000ns: state=1 term_out=0x00d1 (0.82)
At 5175.000ns: state=1 term_out=0x00d2 (0.82)
At 5185.000ns: state=1 term_out=0x00d3 (0.82)
At 5195.000ns: state=1 term_out=0x00d4 (0.83)
At 5205.000ns: state=1 term_out=0x00d5 (0.83)
At 5215.000ns: state=1 term_out=0x00d6 (0.84)
At 5225.000ns: state=1 term_out=0x00d7 (0.84)
At 5235.000ns: state=1 term_out=0x00d8 (0.84)
At 5245.000ns: state=1 term_out=0x00d9 (0.85)
At 5255.000ns: state=1 term_out=0x00da (0.85)
At 5265.000ns: state=1 term_out=0x00db (0.86)
At 5275.000ns: state=1 term_out=0x00dc (0.86)
At 5285.000ns: state=1 term_out=0x00dd (0.86)
At 5295.000ns: state=1 term_out=0x00de (0.87)
At 5305.000ns: state=1 term_out=0x00df (0.87)
At 5315.000ns: state=1 term_out=0x00e0 (0.88)
At 5325.000ns: state=1 term_out=0x00e1 (0.88)
At 5335.000ns: state=1 term_out=0x00e2 (0.88)
At 5345.000ns: state=1 term_out=0x00e3 (0.89)
At 5355.000ns: state=1 term_out=0x00e4 (0.89)
At 5365.000ns: state=1 term_out=0x00e5 (0.89)
At 5375.000ns: state=1 term_out=0x00e6 (0.90)
At 5385.000ns: state=1 term_out=0x00e7 (0.90)
At 5395.000ns: state=1 term_out=0x00e8 (0.91)
At 5405.000ns: state=1 term_out=0x00e9 (0.91)
At 5415.000ns: state=1 term_out=0x00ea (0.91)
At 5425.000ns: state=1 term_out=0x00eb (0.92)
At 5435.000ns: state=1 term_out=0x00ec (0.92)
At 5445.000ns: state=1 term_out=0x00ed (0.93)
At 5455.000ns: state=1 term_out=0x00ee (0.93)
At 5465.000ns: state=1 term_out=0x00ef (0.93)
At 5475.000ns: state=1 term_out=0x00f0 (0.94)
At 5485.000ns: state=1 term_out=0x00f1 (0.94)
At 5495.000ns: state=1 term_out=0x00f2 (0.95)
At 5505.000ns: state=1 term_out=0x00f3 (0.95)
At 5515.000ns: state=1 term_out=0x00f4 (0.95)
At 5525.000ns: state=1 term_out=0x00f5 (0.96)
At 5535.000ns: state=1 term_out=0x00f6 (0.96)
At 5545.000ns: state=1 term_out=0x00f7 (0.96)
At 5555.000ns: state=1 term_out=0x00f8 (0.97)
At 5565.000ns: state=1 term_out=0x00f9 (0.97)
At 5575.000ns: state=1 term_out=0x00fa (0.98)
At 5585.000ns: state=1 term_out=0x00fb (0.98)
At 5595.000ns: state=1 term_out=0x00fc (0.98)
At 5605.000ns: state=1 term_out=0x00fd (0.99)
At 5615.000ns: state=2 term_out=0x00fe (0.99)
At 5625.000ns: state=0 term_out=0x00fe (0.99)
Test: a1=0.00, d=0.00, n=255
Last term: 0.9922 (Expected: 0.9961)
PASS
------------------

All tests completed
$finish called at time : 5875 ns : File "C:/Users/magzm/YODA_Vivado/ASG_YODA/ASG_YODA.srcs/sim_1/imports/Downloads/tb_ASG_Core.v" Line 116
